<?xml version="1.0" encoding="UTF-8"?>
<!-- Generated by org.testng.reporters.JUnitXMLReporter -->
<testsuite hostname="LAPTOP-SAKML4AK" ignored="0" name="Test" tests="4" failures="0" timestamp="2024-06-11T20:03:30 IST" time="22.123" errors="0">
  <testcase name="LoginToApplication" time="1.354" classname="testcases.E2ETest"/>
  <testcase name="addCourse" time="5.839" classname="testcases.E2ETest"/>
  <testcase name="deleteCourse" time="5.194" classname="testcases.E2ETest"/>
  <testcase name="signOut" time="0.6" classname="testcases.E2ETest"/>
</testsuite> <!-- Test -->
